speechutils-master/build/outputs/logs/manifest-merger-debug-report.txt
-- Merging decision tree log ---
manifest
ADDED from CreateApp\speechutils-master\AndroidManifest.xml:2:1-5:12
INJECTED from CreateApp\speechutils-master\AndroidManifest.xml:2:1-5:12
INJECTED from CreateApp\speechutils-master\AndroidManifest.xml:2:1-5:12
	package
		ADDED from CreateApp\speechutils-master\AndroidManifest.xml:3:5-46
		INJECTED from CreateApp\speechutils-master\AndroidManifest.xml
		INJECTED from CreateApp\speechutils-master\AndroidManifest.xml
	xmlns:android
		ADDED from CreateApp\speechutils-master\AndroidManifest.xml:2:11-69
uses-sdk
INJECTED from CreateApp\speechutils-master\AndroidManifest.xml reason: use-sdk injection requested
INJECTED from CreateApp\speechutils-master\AndroidManifest.xml
INJECTED from CreateApp\speechutils-master\AndroidManifest.xml
INJECTED from CreateApp\speechutils-master\AndroidManifest.xml
INJECTED from CreateApp\speechutils-master\AndroidManifest.xml
	android:targetSdkVersion
		INJECTED from CreateApp\speechutils-master\AndroidManifest.xml
		ADDED from CreateApp\speechutils-master\AndroidManifest.xml
		INJECTED from CreateApp\speechutils-master\AndroidManifest.xml
	android:minSdkVersion
		INJECTED from CreateApp\speechutils-master\AndroidManifest.xml
		ADDED from CreateApp\speechutils-master\AndroidManifest.xml
		INJECTED from CreateApp\speechutils-master\AndroidManifest.xml